[UnityConnectServicesConfig] Local config successfully read: "/usr/share/unity3d/config/services-config.json"
[UnityConnectServicesConfig] Service configuration:
    "servicesConfigBaseUrl": "",
    "disableServicesWindow": false,
    "disableUserLogin": false,
    "entitlementCacheTimeoutInSeconds": 60,
    "clientConnectTimeoutSec": 60,
    "clientHandshakeTimeoutSec": 30,
    "clientResolveEntitlementsTimeoutSec": 30,
    "clientUpdateLicenseTimeoutSec": 30,
    "licensingServiceBaseUrl": "",
    "enableProxyAutoconfig": "false"

Unity Editor version:    6000.5.3f1 (c2eb47b3a2a9)
Branch:                  6000.5/staging
Build type:              Release
Batch mode:              YES
System name:             Linux
Distro version:          #1 SMP PREEMPT_DYNAMIC Mon, 13 Jul 2026 20:15:15 +0000
Kernel version:          7.1.3-arch1-3
Architecture:            x86_64
Window Protocol:         Wayland (XWayland)
Available memory:        15689 MB
Date:                    2026-07-24T10:05:10Z
[Licensing::Module] Trying to connect to existing licensing client channel...
[Licensing::IpcConnector] Channel LicenseClient-ajmaaa doesn't exist
[Licensing::Module] Successfully launched the LicensingClient (PId: 149965)
Selected window backend: (null) 
[Licensing::IpcConnector] Successfully connected to: "LicenseClient-ajmaaa" at "2026-07-24T10:05:10.91514Z"
[SignatureVerifier] Application signature verification not supported on this platform.
[Licensing::Client] Handshaking with LicensingClient:
  Version:                 1.18.1+9fbee8e
  Session Id:              2ca8a32e53fb417184344b550b7647bf
  Correlation Id:          ec517b11a84fbb618a9b754d8327aff1
  External correlation Id: 595958961907121030
  Machine Id:              DKkoM1hpnITbpeV1CHwZUlZlN1Y=
[Licensing::Module] Successfully connected to LicensingClient on channel: "LicenseClient-ajmaaa" (connect: 0.57s, validation: 0.11s, handshake: 0.00s)
[Licensing::IpcConnector] Successfully connected to: "LicenseClient-ajmaaa-notifications" at "2026-07-24T10:05:11.03006Z"
[Licensing::Module] Connected to LicensingClient (PId: 149965, launch time: 0.00, total connection time: 0.68s)
[Licensing::Module] Error: Access token is unavailable; failed to update
Desktop is 1920 x 1080 @ 60 Hz
Initialize udev device monitor.

COMMAND LINE ARGUMENTS:
/home/ajmaaa/Unity/Hub/Editor/6000.5.3f1/Editor/Unity
-batchmode
-projectPath
app
-executeMethod
ScreenshotCapturer.CaptureScreens
-quit
-logFile
capture.log
Successfully changed project path to: /home/ajmaaa/Projects/gerakar/app
/home/ajmaaa/Projects/gerakar/app
[UnityMemory] Configuration Parameters - Can be set up in boot.config
    "memorysetup-temp-allocator-size-gi-baking-worker=262144"
    "memorysetup-temp-allocator-size-gi-baking-worker=262144"
    "memorysetup-temp-allocator-size-gi-baking-worker=262144"
    "memorysetup-temp-allocator-size-gi-baking-worker=262144"
    "memorysetup-temp-allocator-size-gi-baking-worker=262144"
    "memorysetup-temp-allocator-size-nav-mesh-worker=65536"
    "memorysetup-temp-allocator-size-audio-worker=65536"
    "memorysetup-temp-allocator-size-cloud-worker=32768"
    "memorysetup-allocator-temp-initial-block-size-main=262144"
    "memorysetup-allocator-temp-initial-block-size-worker=262144"
    "memorysetup-temp-allocator-size-preload-manager=33554432"
    "memorysetup-temp-allocator-size-gfx=262144"
    "memorysetup-temp-allocator-size-background-worker=32768"
    "memorysetup-temp-allocator-size-job-worker=262144"
    "memorysetup-bucket-allocator-granularity=16"
    "memorysetup-bucket-allocator-bucket-count=8"
    "memorysetup-bucket-allocator-block-size=33554432"
    "memorysetup-bucket-allocator-block-count=8"
    "memorysetup-main-allocator-block-size=16777216"
    "memorysetup-thread-allocator-block-size=16777216"
    "memorysetup-main-allocator-mimalloc-enabled=0"
    "memorysetup-gfx-main-allocator-block-size=16777216"
    "memorysetup-gfx-thread-allocator-block-size=16777216"
    "memorysetup-cache-allocator-block-size=4194304"
    "memorysetup-typetree-allocator-block-size=2097152"
    "memorysetup-profiler-bucket-allocator-granularity=16"
    "memorysetup-profiler-bucket-allocator-bucket-count=8"
    "memorysetup-profiler-bucket-allocator-block-size=33554432"
    "memorysetup-profiler-bucket-allocator-block-count=8"
    "memorysetup-profiler-allocator-block-size=16777216"
    "memorysetup-profiler-editor-allocator-block-size=1048576"
    "memorysetup-temp-allocator-size-main=16777216"
    "memorysetup-job-temp-allocator-block-size=2097152"
    "memorysetup-job-temp-allocator-block-size-background=1048576"
    "memorysetup-job-temp-allocator-reduction-small-platforms=262144"
Logging is directed to a specific file, skipping project log.Player connection [140463967567040]  Target information:

Player connection [140463967567040]  * "[IP] 192.168.100.31 [Port] 55504 [Flags] 2 [Guid] 2256040282 [EditorId] 2256040282 [Version] 1048832 [Id] LinuxEditor(16,192.168.100.31) [Debug] 1 [PackageName] LinuxEditor [ProjectName] Editor" 

Player connection [140463967567040]  * "[IP] 172.18.0.1 [Port] 55504 [Flags] 2 [Guid] 2256040282 [EditorId] 2256040282 [Version] 1048832 [Id] LinuxEditor(16,192.168.100.31) [Debug] 1 [PackageName] LinuxEditor [ProjectName] Editor" 

Player connection [140463967567040]  * "[IP] 172.17.0.1 [Port] 55504 [Flags] 2 [Guid] 2256040282 [EditorId] 2256040282 [Version] 1048832 [Id] LinuxEditor(16,192.168.100.31) [Debug] 1 [PackageName] LinuxEditor [ProjectName] Editor" 

Player connection [140463967567040] Host joined multi-casting on [225.0.0.222:54997]...
Player connection [140463967567040] Host joined alternative multi-casting on [225.0.0.222:34997]...
Input System module state changed to: Initialized.
[Physics::Module] Initialized fallback backend.
[Physics::Module] Id: 0xdecafbad
[Licensing::Client] Successfully resolved entitlement details
[Licensing::Module] License group:
  Id: 18968466170193-UnityPersXXXX
  Product: Unity Personal
  Type: Assigned
  Expiration: Unlimited
[Licensing::Client] Successfully updated license, isAsync: True, time: 0.03
[Licensing::Client] Successfully resolved entitlement details
[Licensing::Module] Licensing Background thread has ended after 0.81s
[Package Manager] Connected to IPC stream "Upm-149954" after 0.4 seconds.
[Licensing::Client] Successfully resolved entitlement details
Library Redirect Path: Library/
[Physics::Module] Selected backend.
[Physics::Module] Name: PhysX
[Physics::Module] Id: 0xf2b8ea05
[Physics::Module] SDK Version: 4.1.2
[Physics::Module] Integration Version: 1.0.0
[Physics::Module] Threading Mode: Multi-Threaded
[Licensing::Client] Successfully resolved entitlement details
Initialize engine version: 6000.5.3f1 (c2eb47b3a2a9)
[Subsystems] Discovering subsystems at path /home/ajmaaa/Unity/Hub/Editor/6000.5.3f1/Editor/Data/Resources/UnitySubsystems
[Subsystems] Discovering subsystems at path /home/ajmaaa/Projects/gerakar/app/Assets
kGfxThreadingModeNonThreaded is not supported on OpenGL Core. Reverting to kGfxThreadingModeDirect instead.
GfxDevice: creating device client; kGfxThreadingModeDirect
GLX Extensions: GLX_ARB_context_flush_control GLX_ARB_create_context GLX_ARB_create_context_no_error GLX_ARB_create_context_profile GLX_ARB_create_context_robustness GLX_ARB_fbconfig_float GLX_ARB_framebuffer_sRGB GLX_ARB_get_proc_address GLX_ARB_multisample GLX_EXT_buffer_age GLX_EXT_create_context_es2_profile GLX_EXT_create_context_es_profile GLX_EXT_fbconfig_packed_float GLX_EXT_framebuffer_sRGB GLX_EXT_no_config_context GLX_EXT_swap_control GLX_EXT_swap_control_tear GLX_EXT_texture_from_pixmap GLX_EXT_visual_info GLX_EXT_visual_rating GLX_MESA_copy_sub_buffer GLX_MESA_gl_interop GLX_MESA_query_renderer GLX_MESA_swap_control GLX_OML_sync_control GLX_SGIS_multisample GLX_SGIX_fbconfig GLX_SGIX_pbuffer GLX_SGIX_visual_select_group GLX_SGI_make_current_read GLX_SGI_video_sync 
Renderer: Mesa Intel(R) Iris(R) Xe Graphics (TGL GT2)
Vendor:   Intel
Version:  4.6 (Core Profile) Mesa 26.1.4-arch1.1
GLES:     0
 GL_3DFX_texture_compression_FXT1 GL_AMD_conservative_depth GL_AMD_depth_clamp_separate GL_AMD_draw_buffers_blend GL_AMD_gpu_shader_int64 GL_AMD_multi_draw_indirect GL_AMD_performance_monitor GL_AMD_pinned_memory GL_AMD_query_buffer_object GL_AMD_seamless_cubemap_per_texture GL_AMD_shader_stencil_export GL_AMD_shader_trinary_minmax GL_AMD_texture_texture4 GL_AMD_vertex_shader_layer GL_AMD_vertex_shader_viewport_index GL_ANGLE_texture_compression_dxt3 GL_ANGLE_texture_compression_dxt5 GL_ARB_ES2_compatibility GL_ARB_ES3_1_compatibility GL_ARB_ES3_2_compatibility GL_ARB_ES3_compatibility GL_ARB_arrays_of_arrays GL_ARB_base_instance GL_ARB_blend_func_extended GL_ARB_buffer_storage GL_ARB_clear_buffer_object GL_ARB_clear_texture GL_ARB_clip_control GL_ARB_compressed_texture_pixel_storage GL_ARB_compute_shader GL_ARB_compute_variable_group_size GL_ARB_conditional_render_inverted GL_ARB_conservative_depth GL_ARB_copy_buffer GL_ARB_copy_image GL_ARB_cull_distance GL_ARB_debug_output GL_ARB_depth_buffer_float GL_ARB
_depth_clamp GL_ARB_derivative_control GL_ARB_direct_state_access GL_ARB_draw_buffers GL_ARB_draw_buffers_blend GL_ARB_draw_elements_base_vertex GL_ARB_draw_indirect GL_ARB_draw_instanced GL_ARB_enhanced_layouts GL_ARB_explicit_attrib_location GL_ARB_explicit_uniform_location GL_ARB_fragment_coord_conventions GL_ARB_fragment_layer_viewport GL_ARB_fragment_shader GL_ARB_fragment_shader_interlock GL_ARB_framebuffer_no_attachments GL_ARB_framebuffer_object GL_ARB_framebuffer_sRGB GL_ARB_get_program_binary GL_ARB_get_texture_sub_image GL_ARB_gl_spirv GL_ARB_gpu_shader5 GL_ARB_gpu_shader_fp64 GL_ARB_gpu_shader_int64 GL_ARB_half_float_pixel GL_ARB_half_float_vertex GL_ARB_indirect_parameters GL_ARB_instanced_arrays GL_ARB_internalformat_query GL_ARB_internalformat_query2 GL_ARB_invalidate_subdata GL_ARB_map_buffer_alignment GL_ARB_map_buffer_range GL_ARB_multi_bind GL_ARB_multi_draw_indirect GL_ARB_occlusion_query2 GL_ARB_parallel_shader_compile GL_ARB_pipeline_statistics_query GL_ARB_pixel_buffer_object GL_ARB_po
int_sprite GL_ARB_polygon_offset_clamp GL_ARB_post_depth_coverage GL_ARB_program_interface_query GL_ARB_provoking_vertex GL_ARB_query_buffer_object GL_ARB_robust_buffer_access_behavior GL_ARB_robustness GL_ARB_sample_shading GL_ARB_sampler_objects GL_ARB_seamless_cube_map GL_ARB_seamless_cubemap_per_texture GL_ARB_separate_shader_objects GL_ARB_shader_atomic_counter_ops GL_ARB_shader_atomic_counters GL_ARB_shader_ballot GL_ARB_shader_bit_encoding GL_ARB_shader_clock GL_ARB_shader_draw_parameters GL_ARB_shader_group_vote GL_ARB_shader_image_load_store GL_ARB_shader_image_size GL_ARB_shader_objects GL_ARB_shader_precision GL_ARB_shader_stencil_export GL_ARB_shader_storage_buffer_object GL_ARB_shader_subroutine GL_ARB_shader_texture_image_samples GL_ARB_shader_texture_lod GL_ARB_shader_viewport_layer_array GL_ARB_shading_language_420pack GL_ARB_shading_language_include GL_ARB_shading_language_packing GL_ARB_spirv_extensions GL_ARB_stencil_texturing GL_ARB_sync GL_ARB_tessellation_shader GL_ARB_texture_barrier G
L_ARB_texture_border_clamp GL_ARB_texture_buffer_object GL_ARB_texture_buffer_object_rgb32 GL_ARB_texture_buffer_range GL_ARB_texture_compression_bptc GL_ARB_texture_compression_rgtc GL_ARB_texture_cube_map_array GL_ARB_texture_filter_anisotropic GL_ARB_texture_filter_minmax GL_ARB_texture_float GL_ARB_texture_gather GL_ARB_texture_mirror_clamp_to_edge GL_ARB_texture_multisample GL_ARB_texture_non_power_of_two GL_ARB_texture_query_levels GL_ARB_texture_query_lod GL_ARB_texture_rectangle GL_ARB_texture_rg GL_ARB_texture_rgb10_a2ui GL_ARB_texture_stencil8 GL_ARB_texture_storage GL_ARB_texture_storage_multisample GL_ARB_texture_swizzle GL_ARB_texture_view GL_ARB_timer_query GL_ARB_transform_feedback2 GL_ARB_transform_feedback3 GL_ARB_transform_feedback_instanced GL_ARB_transform_feedback_overflow_query GL_ARB_uniform_buffer_object GL_ARB_vertex_array_bgra GL_ARB_vertex_array_object GL_ARB_vertex_attrib_64bit GL_ARB_vertex_attrib_binding GL_ARB_vertex_buffer_object GL_ARB_vertex_shader GL_ARB_vertex_type_10f_11f
_11f_rev GL_ARB_vertex_type_2_10_10_10_rev GL_ARB_viewport_array GL_ATI_blend_equation_separate GL_ATI_texture_float GL_EXT_EGL_image_storage GL_EXT_EGL_image_storage_compression GL_EXT_EGL_sync GL_EXT_abgr GL_EXT_blend_equation_separate GL_EXT_debug_label GL_EXT_demote_to_helper_invocation GL_EXT_depth_bounds_test GL_EXT_draw_buffers2 GL_EXT_draw_instanced GL_EXT_framebuffer_blit GL_EXT_framebuffer_multisample GL_EXT_framebuffer_multisample_blit_scaled GL_EXT_framebuffer_object GL_EXT_framebuffer_sRGB GL_EXT_memory_object GL_EXT_memory_object_fd GL_EXT_packed_depth_stencil GL_EXT_packed_float GL_EXT_pixel_buffer_object GL_EXT_polygon_offset_clamp GL_EXT_provoking_vertex GL_EXT_semaphore GL_EXT_semaphore_fd GL_EXT_shader_clock GL_EXT_shader_framebuffer_fetch GL_EXT_shader_framebuffer_fetch_non_coherent GL_EXT_shader_integer_mix GL_EXT_shader_samples_identical GL_EXT_texture_array GL_EXT_texture_compression_dxt1 GL_EXT_texture_compression_rgtc GL_EXT_texture_compression_s3tc GL_EXT_texture_filter_anisotropic 
GL_EXT_texture_integer GL_EXT_texture_sRGB GL_EXT_texture_sRGB_R8 GL_EXT_texture_sRGB_decode GL_EXT_texture_shadow_lod GL_EXT_texture_shared_exponent GL_EXT_texture_snorm GL_EXT_texture_storage GL_EXT_texture_swizzle GL_EXT_timer_query GL_EXT_transform_feedback GL_EXT_vertex_array_bgra GL_EXT_vertex_attrib_64bit GL_IBM_multimode_draw_arrays GL_INTEL_blackhole_render GL_INTEL_conservative_rasterization GL_INTEL_performance_query GL_INTEL_shader_atomic_float_minmax GL_INTEL_shader_integer_functions2 GL_KHR_blend_equation_advanced GL_KHR_blend_equation_advanced_coherent GL_KHR_context_flush_control GL_KHR_debug GL_KHR_no_error GL_KHR_parallel_shader_compile GL_KHR_robust_buffer_access_behavior GL_KHR_robustness GL_KHR_shader_subgroup GL_KHR_texture_compression_astc_ldr GL_KHR_texture_compression_astc_sliced_3d GL_MESA_framebuffer_flip_y GL_MESA_pack_invert GL_MESA_shader_integer_functions GL_MESA_texture_const_bandwidth GL_MESA_texture_signed_rgba GL_NV_alpha_to_coverage_dither_control GL_NV_compute_shader_deri
vatives GL_NV_conditional_render GL_NV_copy_image GL_NV_depth_clamp GL_NV_fragment_shader_interlock GL_NV_packed_depth_stencil GL_NV_texture_barrier GL_OES_EGL_image GL_S3_s3tc
OPENGL LOG: Creating OpenGL 4.6 graphics device ; Context level  <OpenGL 4.5> ; Context handle -1245129888
Initialize mono
Mono path[0] = '/home/ajmaaa/Unity/Hub/Editor/6000.5.3f1/Editor/Data/Managed'
Mono path[1] = '/home/ajmaaa/Unity/Hub/Editor/6000.5.3f1/Editor/Data/BCLExtensions/runtime/netstandard2.1'
Mono path[2] = '/home/ajmaaa/Unity/Hub/Editor/6000.5.3f1/Editor/Data/MonoBleedingEdge/lib/mono/unityjit-linux'
Mono config path = '/home/ajmaaa/Unity/Hub/Editor/6000.5.3f1/Editor/Data/MonoBleedingEdge/etc'
Using monoOptions --debugger-agent=transport=dt_socket,embedding=1,server=y,suspend=n,address=127.0.0.1:56954
CodeReloadManager initialized
ImportWorker Server TCP listen port: 0
AcceleratorClientConnectionCallback - disconnected - :0
Begin MonoManager ReloadAssembly
Registering precompiled unity dll's ...
Register platform support module: /home/ajmaaa/Unity/Hub/Editor/6000.5.3f1/Editor/Data/PlaybackEngines/AndroidPlayer/UnityEditor.Android.Extensions.dll
Register platform support module: /home/ajmaaa/Unity/Hub/Editor/6000.5.3f1/Editor/Data/PlaybackEngines/LinuxStandaloneSupport/UnityEditor.LinuxStandalone.Extensions.dll
Registered in 0.002911 seconds.
Native extension for LinuxStandalone target not found
Native extension for Android target not found
Package Manager log level set to [2]
[Licensing::Client] Successfully resolved entitlement details
ScheduleIndexationOnStartup MainProcess:False IndexOnStartup:True
Mono: successfully reloaded assembly
- Finished resetting the current domain, in  5.332 seconds
Domain Reload Profiling: 6281ms
	BeginReloadAssembly (170ms)
		CreateAndSetChildDomain (14ms)
	RebuildCommonClasses (10ms)
	RebuildNativeTypeToScriptingClass (25ms)
	initialDomainReloadingComplete (125ms)
	LoadAllAssembliesAndSetupDomain (615ms)
		LoadAssemblies (157ms)
		AnalyzeDomain (451ms)
			TypeCache.Refresh (448ms)
				TypeCache.ScanAssembly (413ms)
	FinalizeReload (5336ms)
		SetupLoadedEditorAssemblies (0ms)
			InitializePlatformSupportModulesInManaged (22ms)
			BeforeProcessingInitializeOnLoad (161ms)
			ProcessInitializeOnLoadAttributes (209ms)
			ProcessInitializeOnLoadMethodAttributes (4799ms)
[Licensing::Client] Successfully resolved entitlement details
[Licensing::Client] Successfully resolved entitlement details
Application.AssetDatabase Initial Refresh Start
[Package Manager] Restoring resolved packages state from cache
[Licensing::Client] Successfully resolved entitlement details
[Package Manager] Registered 69 packages:
  Packages from [https://package.openupm.com]:
    org.artoolkitx.artoolkitx-unity@1.3.1 (location: /home/ajmaaa/Projects/gerakar/app/Library/PackageCache/org.artoolkitx.artoolkitx-unity@39f6edbd781a)
  Packages from [https://packages.unity.com]:
    com.unity.inputsystem@1.19.0 (location: /home/ajmaaa/Projects/gerakar/app/Library/PackageCache/com.unity.inputsystem@21a28c3a6c83)
    com.unity.learn.iet-framework@5.0.4 (location: /home/ajmaaa/Projects/gerakar/app/Library/PackageCache/com.unity.learn.iet-framework@b6db3036d2a7)
    com.unity.mobile.android-logcat@1.4.7 (location: /home/ajmaaa/Projects/gerakar/app/Library/PackageCache/com.unity.mobile.android-logcat@a8a404f035b3)
    com.unity.timeline@1.8.12 (location: /home/ajmaaa/Projects/gerakar/app/Library/PackageCache/com.unity.timeline@8cd8509afae5)
    com.unity.xr.arcore@6.5.0 (location: /home/ajmaaa/Projects/gerakar/app/Library/PackageCache/com.unity.xr.arcore@faa8081af93f)
    com.unity.xr.arfoundation@6.5.0 (location: /home/ajmaaa/Projects/gerakar/app/Library/PackageCache/com.unity.xr.arfoundation@13d2457b468b)
    com.unity.xr.arkit@6.5.0 (location: /home/ajmaaa/Projects/gerakar/app/Library/PackageCache/com.unity.xr.arkit@f7ae96e6506f)
    com.unity.xr.interaction.toolkit@3.5.1 (location: /home/ajmaaa/Projects/gerakar/app/Library/PackageCache/com.unity.xr.interaction.toolkit@63ca3b7ce776)
    com.unity.xr.management@4.5.4 (location: /home/ajmaaa/Projects/gerakar/app/Library/PackageCache/com.unity.xr.management@e3a3882b360a)
    com.unity.xr.core-utils@2.6.0 (location: /home/ajmaaa/Projects/gerakar/app/Library/PackageCache/com.unity.xr.core-utils@a8b900321199)
    com.unity.xr.legacyinputhelpers@3.0.1 (location: /home/ajmaaa/Projects/gerakar/app/Library/PackageCache/com.unity.xr.legacyinputhelpers@3f62d634f63b)
    com.unity.editorcoroutines@1.1.0 (location: /home/ajmaaa/Projects/gerakar/app/Library/PackageCache/com.unity.editorcoroutines@87a15ed012c2)
    com.unity.settings-manager@2.1.1 (location: /home/ajmaaa/Projects/gerakar/app/Library/PackageCache/com.unity.settings-manager@0b8638c5ce86)
    com.unity.ide.visualstudio@2.0.26 (location: /home/ajmaaa/Projects/gerakar/app/Library/PackageCache/com.unity.ide.visualstudio@a99d56dec63f)
    com.unity.ide.rider@3.0.38 (location: /home/ajmaaa/Projects/gerakar/app/Library/PackageCache/com.unity.ide.rider@1f60b3138684)
    com.unity.performance.profile-analyzer@1.4.0 (location: /home/ajmaaa/Projects/gerakar/app/Library/PackageCache/com.unity.performance.profile-analyzer@2bb26871883c)
    com.unity.testtools.codecoverage@1.3.0 (location: /home/ajmaaa/Projects/gerakar/app/Library/PackageCache/com.unity.testtools.codecoverage@19a841221620)
    com.unity.searcher@4.9.4 (location: /home/ajmaaa/Projects/gerakar/app/Library/PackageCache/com.unity.searcher@d45a78918735)
    com.unity.burst@1.8.29 (location: /home/ajmaaa/Projects/gerakar/app/Library/PackageCache/com.unity.burst@6bb9aca3ef38)
    com.unity.nuget.mono-cecil@1.11.6 (location: /home/ajmaaa/Projects/gerakar/app/Library/PackageCache/com.unity.nuget.mono-cecil@ecb9724e46ff)
    com.unity.test-framework.performance@3.5.0 (location: /home/ajmaaa/Projects/gerakar/app/Library/PackageCache/com.unity.test-framework.performance@8b56083ec0f0)
  Built-in packages:
    com.unity.feature.development@1.0.2 (location: /home/ajmaaa/Projects/gerakar/app/Library/PackageCache/com.unity.feature.development@767aadbc6eb7)
    com.unity.multiplayer.center@1.0.1 (location: /home/ajmaaa/Projects/gerakar/app/Library/PackageCache/com.unity.multiplayer.center@095ed72d0927)
    com.unity.render-pipelines.universal@17.5.0 (location: /home/ajmaaa/Projects/gerakar/app/Library/PackageCache/com.unity.render-pipelines.universal@d32c6e899367)
    com.unity.modules.accessibility@1.0.0 (location: /home/ajmaaa/Projects/gerakar/app/Library/PackageCache/com.unity.modules.accessibility)
    com.unity.modules.adaptiveperformance@1.0.0 (location: /home/ajmaaa/Projects/gerakar/app/Library/PackageCache/com.unity.modules.adaptiveperformance)
    com.unity.modules.ai@1.0.0 (location: /home/ajmaaa/Projects/gerakar/app/Library/PackageCache/com.unity.modules.ai)
    com.unity.modules.androidjni@1.0.0 (location: /home/ajmaaa/Projects/gerakar/app/Library/PackageCache/com.unity.modules.androidjni)
    com.unity.modules.animation@1.0.0 (location: /home/ajmaaa/Projects/gerakar/app/Library/PackageCache/com.unity.modules.animation)
    com.unity.modules.assetbundle@1.0.0 (location: /home/ajmaaa/Projects/gerakar/app/Library/PackageCache/com.unity.modules.assetbundle)
    com.unity.modules.audio@1.0.0 (location: /home/ajmaaa/Projects/gerakar/app/Library/PackageCache/com.unity.modules.audio)
    com.unity.modules.cloth@1.0.0 (location: /home/ajmaaa/Projects/gerakar/app/Library/PackageCache/com.unity.modules.cloth)
    com.unity.modules.director@1.0.0 (location: /home/ajmaaa/Projects/gerakar/app/Library/PackageCache/com.unity.modules.director)
    com.unity.modules.imageconversion@1.0.0 (location: /home/ajmaaa/Projects/gerakar/app/Library/PackageCache/com.unity.modules.imageconversion)
    com.unity.modules.imgui@1.0.0 (location: /home/ajmaaa/Projects/gerakar/app/Library/PackageCache/com.unity.modules.imgui)
    com.unity.modules.jsonserialize@1.0.0 (location: /home/ajmaaa/Projects/gerakar/app/Library/PackageCache/com.unity.modules.jsonserialize)
    com.unity.modules.particlesystem@1.0.0 (location: /home/ajmaaa/Projects/gerakar/app/Library/PackageCache/com.unity.modules.particlesystem)
    com.unity.modules.physics@1.0.0 (location: /home/ajmaaa/Projects/gerakar/app/Library/PackageCache/com.unity.modules.physics)
    com.unity.modules.physics2d@1.0.0 (location: /home/ajmaaa/Projects/gerakar/app/Library/PackageCache/com.unity.modules.physics2d)
    com.unity.modules.physicscore2d@1.0.0 (location: /home/ajmaaa/Projects/gerakar/app/Library/PackageCache/com.unity.modules.physicscore2d)
    com.unity.modules.screencapture@1.0.0 (location: /home/ajmaaa/Projects/gerakar/app/Library/PackageCache/com.unity.modules.screencapture)
    com.unity.modules.terrain@1.0.0 (location: /home/ajmaaa/Projects/gerakar/app/Library/PackageCache/com.unity.modules.terrain)
    com.unity.modules.terrainphysics@1.0.0 (location: /home/ajmaaa/Projects/gerakar/app/Library/PackageCache/com.unity.modules.terrainphysics)
    com.unity.modules.tilemap@1.0.0 (location: /home/ajmaaa/Projects/gerakar/app/Library/PackageCache/com.unity.modules.tilemap)
    com.unity.modules.ui@1.0.0 (location: /home/ajmaaa/Projects/gerakar/app/Library/PackageCache/com.unity.modules.ui)
    com.unity.modules.uielements@1.0.0 (location: /home/ajmaaa/Projects/gerakar/app/Library/PackageCache/com.unity.modules.uielements)
    com.unity.modules.umbra@1.0.0 (location: /home/ajmaaa/Projects/gerakar/app/Library/PackageCache/com.unity.modules.umbra)
    com.unity.modules.unityanalytics@1.0.0 (location: /home/ajmaaa/Projects/gerakar/app/Library/PackageCache/com.unity.modules.unityanalytics)
    com.unity.modules.unitywebrequest@1.0.0 (location: /home/ajmaaa/Projects/gerakar/app/Library/PackageCache/com.unity.modules.unitywebrequest)
    com.unity.modules.unitywebrequestassetbundle@1.0.0 (location: /home/ajmaaa/Projects/gerakar/app/Library/PackageCache/com.unity.modules.unitywebrequestassetbundle)
    com.unity.modules.unitywebrequestaudio@1.0.0 (location: /home/ajmaaa/Projects/gerakar/app/Library/PackageCache/com.unity.modules.unitywebrequestaudio)
    com.unity.modules.unitywebrequesttexture@1.0.0 (location: /home/ajmaaa/Projects/gerakar/app/Library/PackageCache/com.unity.modules.unitywebrequesttexture)
    com.unity.modules.unitywebrequestwww@1.0.0 (location: /home/ajmaaa/Projects/gerakar/app/Library/PackageCache/com.unity.modules.unitywebrequestwww)
    com.unity.modules.vectorgraphics@1.0.0 (location: /home/ajmaaa/Projects/gerakar/app/Library/PackageCache/com.unity.modules.vectorgraphics)
    com.unity.modules.vehicles@1.0.0 (location: /home/ajmaaa/Projects/gerakar/app/Library/PackageCache/com.unity.modules.vehicles)
    com.unity.modules.video@1.0.0 (location: /home/ajmaaa/Projects/gerakar/app/Library/PackageCache/com.unity.modules.video)
    com.unity.modules.wind@1.0.0 (location: /home/ajmaaa/Projects/gerakar/app/Library/PackageCache/com.unity.modules.wind)
    com.unity.modules.xr@1.0.0 (location: /home/ajmaaa/Projects/gerakar/app/Library/PackageCache/com.unity.modules.xr)
    com.unity.modules.subsystems@1.0.0 (location: /home/ajmaaa/Projects/gerakar/app/Library/PackageCache/com.unity.modules.subsystems)
    com.unity.modules.hierarchycore@1.0.0 (location: /home/ajmaaa/Projects/gerakar/app/Library/PackageCache/com.unity.modules.hierarchycore)
    com.unity.ugui@2.5.0 (location: /home/ajmaaa/Projects/gerakar/app/Library/PackageCache/com.unity.ugui@835bda3357d7)
    com.unity.mathematics@1.4.0 (location: /home/ajmaaa/Projects/gerakar/app/Library/PackageCache/com.unity.mathematics@bdc7f308708c)
    com.unity.render-pipelines.core@17.5.0 (location: /home/ajmaaa/Projects/gerakar/app/Library/PackageCache/com.unity.render-pipelines.core@6975b73b1fe9)
    com.unity.shadergraph@17.5.0 (location: /home/ajmaaa/Projects/gerakar/app/Library/PackageCache/com.unity.shadergraph@61c75dca5948)
    com.unity.render-pipelines.universal-config@17.5.0 (location: /home/ajmaaa/Projects/gerakar/app/Library/PackageCache/com.unity.render-pipelines.universal-config@47de94ac0cce)
    com.unity.test-framework@1.7.0 (location: /home/ajmaaa/Projects/gerakar/app/Library/PackageCache/com.unity.test-framework@773a3a4953ad)
    com.unity.collections@6.5.0 (location: /home/ajmaaa/Projects/gerakar/app/Library/PackageCache/com.unity.collections@91fb845e8cf9)
    com.unity.ext.nunit@2.1.0 (location: /home/ajmaaa/Projects/gerakar/app/Library/PackageCache/com.unity.ext.nunit@9054f8d1d690)
[Subsystems] Looking for new subsystems at path /home/ajmaaa/Projects/gerakar/app/Library/PackageCache/com.unity.xr.arfoundation@13d2457b468b
[Subsystems] Novel subsystem found at Library/PackageCache/com.unity.xr.arfoundation@13d2457b468b/Runtime/UnitySubsystemsManifest.json
[Subsystems] Discovering subsystems at path /home/ajmaaa/Unity/Hub/Editor/6000.5.3f1/Editor/Data/Resources/UnitySubsystems
[Subsystems] Discovering subsystems at path /home/ajmaaa/Projects/gerakar/app/Assets
[Subsystems] Discovering subsystems at path /home/ajmaaa/Projects/gerakar/app/Library/PackageCache/com.unity.xr.arfoundation@13d2457b468b
[Subsystems] No descriptors matched for  examples in Library/PackageCache/com.unity.xr.arfoundation@13d2457b468b/Runtime/UnitySubsystemsManifest.json.
[Subsystems] 1 'inputs' descriptors matched in Library/PackageCache/com.unity.xr.arfoundation@13d2457b468b/Runtime/UnitySubsystemsManifest.json
[Subsystems] No descriptors matched for  displays in Library/PackageCache/com.unity.xr.arfoundation@13d2457b468b/Runtime/UnitySubsystemsManifest.json.
[Subsystems] 1 'meshings' descriptors matched in Library/PackageCache/com.unity.xr.arfoundation@13d2457b468b/Runtime/UnitySubsystemsManifest.json
[Package Manager] Done registering packages in 0.01 seconds
[ScriptCompilation] Requested script compilation because: AssetDatabase observed changes in script compilation related files
info: Microsoft.Hosting.Lifetime[14]
      Now listening on: http://unix:/tmp/ilpp.sock-196b66aa6206e0e113cee93d658a64a8
info: Microsoft.Hosting.Lifetime[0]
      Application started. Press Ctrl+C to shut down.
info: Microsoft.Hosting.Lifetime[0]
      Hosting environment: Production
info: Microsoft.Hosting.Lifetime[0]
      Content root path: /home/ajmaaa/Projects/gerakar/app
info: Microsoft.AspNetCore.Hosting.Diagnostics[1]
      Request starting HTTP/2 POST http://ilpp/UnityILPP.PostProcessing/Ping - application/grpc -
info: Microsoft.AspNetCore.Routing.EndpointMiddleware[0]
      Executing endpoint 'gRPC - /UnityILPP.PostProcessing/Ping'
info: Microsoft.AspNetCore.Routing.EndpointMiddleware[1]
      Executed endpoint 'gRPC - /UnityILPP.PostProcessing/Ping'
info: Microsoft.AspNetCore.Hosting.Diagnostics[2]
      Request finished HTTP/2 POST http://ilpp/UnityILPP.PostProcessing/Ping - 200 - application/grpc 68.6014ms
Starting: /home/ajmaaa/Unity/Hub/Editor/6000.5.3f1/Editor/Data/Tools/BuildPipeline/bee_backend --ipc --defer-dag-verification --dagfile="Library/Bee/1300b0aE.dag" --continue-on-failure --profile="Library/Bee/backend1.traceevents" ScriptAssemblies
WorkingDir: /home/ajmaaa/Projects/gerakar/app
Unity: /home/bokken/build/output/Unity-Technologies/mono/external/corefx-bugfix/src/Native/Unix/Common/pal_utilities.h:160: int ToFileDescriptor(intptr_t): Assertion `fd < sysconf(_SC_OPEN_MAX) && "Requested file descriptor exceeds maximum number of files allowed to be open at a time."' failed.
Caught fatal signal - signo:6 code:-6 errno:0 addr:0x3e8000249c2
Unity: /home/bokken/build/output/Unity-Technologies/mono/external/corefx-bugfix/src/Native/Unix/Common/pal_utilities.h:160: int ToFileDescriptor(intptr_t): Assertion `fd < sysconf(_SC_OPEN_MAX) && "Requested file descriptor exceeds maximum number of files allowed to be open at a time."' failed.
Caught fatal signal - signo:6 code:-6 errno:0 addr:0x3e8000249c2
Obtained 23 stack frames.
#0  0x007fc05209981c in (Unknown)
#1  0x007fc05203e150 in gsignal
#2  0x007fc05202567d in abort
#3  0x007fc0520266fc in (Unknown)
#4  0x007fc052035ef2 in __assert_fail
#5  0x007fbe1f24548b in SystemNative_FcntlSetCloseOnExec
#6  0x0000004069c26e in (wrapper managed-to-native) Interop/Sys/Fcntl:SetCloseOnExec (System.Runtime.InteropServices.SafeHandle)
#7  0x0000004069bccb in System.IO.Pipes.PipeStream:ConfigureSocket (System.Net.Sockets.Socket,Microsoft.Win32.SafeHandles.SafePipeHandle,System.IO.Pipes.PipeDirection,int,int,System.IO.HandleInheritability)
#8  0x00000040696bf3 in System.IO.Pipes.NamedPipeServerStream:HandleAcceptedSocket (System.Net.Sockets.Socket)
#9  0x0000004068fbcb in System.IO.Pipes.NamedPipeServerStream/<<WaitForConnectionAsync>g__WaitForConnectionAsyncCore|8_0>d:MoveNext ()
#10 0x00000040696996 in System.Runtime.CompilerServices.AsyncMethodBuilderCore/MoveNextRunner:InvokeMoveNext (object)
#11 0x000000405ce342 in System.Threading.ExecutionContext:RunInternal (System.Threading.ExecutionContext,System.Threading.ContextCallback,object,bool)
#12 0x000000405cdeb3 in System.Threading.ExecutionContext:Run (System.Threading.ExecutionContext,System.Threading.ContextCallback,object,bool)
#13 0x00000040696883 in System.Runtime.CompilerServices.AsyncMethodBuilderCore/MoveNextRunner:Run ()
#14 0x00000040696602 in System.Threading.Tasks.AwaitTaskContinuation:RunOrScheduleAction (System.Action,bool,System.Threading.Tasks.Task&)
#15 0x00000040681fb7 in System.Threading.Tasks.Task:FinishContinuations ()
#16 0x0000004068174f in System.Threading.Tasks.Task:FinishStageThree ()
#17 0x00000040694142 in System.Net.Sockets.SocketAsyncResult/<>c:<Complete>b__27_0 (object)
#18 0x0000004068927e in System.Threading.QueueUserWorkItemCallback:System.Threading.IThreadPoolWorkItem.ExecuteWorkItem ()
#19 0x00000040676052 in System.Threading.ThreadPoolWorkQueue:Dispatch ()
#20 0x00000040675afb in System.Threading._ThreadPoolWaitCallback:PerformWaitCallback ()
#21 0x00000040675bce in (wrapper runtime-invoke) <Module>:runtime_invoke_bool (object,intptr,intptr,intptr)
